Exception in thread "main" java.lang.OutOfMemoryError: GC overhead limit exceeded
	at com.github.javaparser.printer.lexicalpreservation.TextElementIteratorsFactory.reverseIterator(TextElementIteratorsFactory.java:162)
	at com.github.javaparser.printer.lexicalpreservation.TextElementIteratorsFactory.partialReverseIterator(TextElementIteratorsFactory.java:184)
	at com.github.javaparser.printer.lexicalpreservation.TextElementIteratorsFactory.reverseIterator(TextElementIteratorsFactory.java:178)
	at com.github.javaparser.printer.lexicalpreservation.TextElementIteratorsFactory.reverseIterator(TextElementIteratorsFactory.java:171)
	at com.github.javaparser.printer.lexicalpreservation.TextElementIteratorsFactory.partialReverseIterator(TextElementIteratorsFactory.java:184)
	at com.github.javaparser.printer.lexicalpreservation.TextElementIteratorsFactory.reverseIterator(TextElementIteratorsFactory.java:178)
	at com.github.javaparser.printer.lexicalpreservation.TextElementIteratorsFactory.reverseIterator(TextElementIteratorsFactory.java:171)
	at com.github.javaparser.printer.lexicalpreservation.TextElementIteratorsFactory.partialReverseIterator(TextElementIteratorsFactory.java:184)
	at com.github.javaparser.printer.lexicalpreservation.TextElementIteratorsFactory.reverseIterator(TextElementIteratorsFactory.java:178)
	at com.github.javaparser.printer.lexicalpreservation.TextElementIteratorsFactory.reverseIterator(TextElementIteratorsFactory.java:171)
	at com.github.javaparser.printer.lexicalpreservation.TextElementIteratorsFactory.partialReverseIterator(TextElementIteratorsFactory.java:184)
	at com.github.javaparser.printer.lexicalpreservation.TextElementIteratorsFactory.reverseIterator(TextElementIteratorsFactory.java:178)
	at com.github.javaparser.printer.lexicalpreservation.TextElementIteratorsFactory.reverseIterator(TextElementIteratorsFactory.java:171)
	at com.github.javaparser.printer.lexicalpreservation.TextElementIteratorsFactory.partialReverseIterator(TextElementIteratorsFactory.java:184)
	at com.github.javaparser.printer.lexicalpreservation.TextElementIteratorsFactory.reverseIterator(TextElementIteratorsFactory.java:178)
	at com.github.javaparser.printer.lexicalpreservation.TextElementIteratorsFactory.reverseIterator(TextElementIteratorsFactory.java:171)
	at com.github.javaparser.printer.lexicalpreservation.TextElementIteratorsFactory.partialReverseIterator(TextElementIteratorsFactory.java:184)
	at com.github.javaparser.printer.lexicalpreservation.LexicalPreservingPrinter.tokensPreceeding(LexicalPreservingPrinter.java:427)
	at com.github.javaparser.printer.lexicalpreservation.LexicalPreservingPrinter.lambda$tokensPreceeding$6(LexicalPreservingPrinter.java:428)
	at com.github.javaparser.printer.lexicalpreservation.LexicalPreservingPrinter$$Lambda$474/1384110635.provide(Unknown Source)
	at com.github.javaparser.printer.lexicalpreservation.TextElementIteratorsFactory$CascadingIterator.hasNext(TextElementIteratorsFactory.java:53)
	at com.github.javaparser.printer.lexicalpreservation.TextElementIteratorsFactory$CascadingIterator.hasNext(TextElementIteratorsFactory.java:55)
	at com.github.javaparser.printer.lexicalpreservation.TextElementIteratorsFactory$CascadingIterator.hasNext(TextElementIteratorsFactory.java:55)
	at com.github.javaparser.printer.lexicalpreservation.LexicalPreservingPrinter.findIndentation(LexicalPreservingPrinter.java:596)
	at com.github.javaparser.printer.lexicalpreservation.LexicalPreservingPrinter.interpret(LexicalPreservingPrinter.java:523)
	at com.github.javaparser.printer.lexicalpreservation.LexicalPreservingPrinter.prettyPrintingTextNode(LexicalPreservingPrinter.java:514)
	at com.github.javaparser.printer.lexicalpreservation.LexicalPreservingPrinter.getOrCreateNodeText(LexicalPreservingPrinter.java:587)
	at com.github.javaparser.printer.lexicalpreservation.LexicalPreservingPrinter.print(LexicalPreservingPrinter.java:453)
	at com.github.javaparser.printer.lexicalpreservation.LexicalPreservingPrinter.print(LexicalPreservingPrinter.java:441)
	at com.github.javaparser.printer.lexicalpreservation.ChildTextElement.expand(ChildTextElement.java:41)
	at com.github.javaparser.printer.lexicalpreservation.NodeText.lambda$expand$0(NodeText.java:182)
	at com.github.javaparser.printer.lexicalpreservation.NodeText$$Lambda$473/1997807363.accept(Unknown Source)
